Graph loaded
query>>>> 
(1, 2)
(1, 30)
(1, 30)
Graph loaded
query>>>> 
(1, 2)
(1, 30)
(1, 30)
Graph loaded
query>>>> 
(1, 2)
(1, 30)
(1, 30)
Graph loaded
query>>>> 
(1, 2)
(1, 30)
(1, 30)
[]
Graph loaded
query>>>> 电脑突然打不开了怎么办
(1, 13)
(1, 30)
(1, 30)
[13  9 14 19 24]
[22 14 23 19 24]
[19  9  4 14 24]
[ 8  9  4 19 24]
[ 4  9 19 14 24]
[ 4  9 14 19 24]
[22 14  9 23 24]
[18  9 14 19 24]
[19 10  5 15 20]
[19  4 10 15 20]
[ 8  9 10 15 16]
[4 5 6 7 8]
[0 1 2 3 4]
[0 1 2 3 4]
[0 1 2 3 4]
[0 1 2 3 4]
[0 1 2 3 4]
[0 1 2 3 4]
[0 1 2 3 4]
[0 1 2 3 4]
[0 1 2 3 4]
[0 1 2 3 4]
[0 1 2 3 4]
[0 1 2 3 4]
[0 1 2 3 4]
[0 1 2 3 4]
[0 1 2 3 4]
[0 1 2 3 4]
(1, 30, 5)
<S>电脑突然打不开怎么回事啊
<S>电脑突然打不开怎么回事
<S>电脑打不开怎么办
<S>电脑突然打不开了怎么办
<S>电脑突然打不开怎么办
(1, 30, 5)
(5, 30)
0 -- 0
[ 4  9 14 19 24]
[19 21 22 23 24]
[ 3  4 14 19 24]
[23  4  9 19 24]
[14 18  9 19 24]
[ 9  4 14 19 24]
[ 9  4 23 19 24]
[22 23 19 14 24]
[ 4  5 11  6 16]
[15  5 10 11 16]
[ 4  5  6 12  7]
[4 5 6 7 8]
[4 5 6 7 8]
[0 1 2 3 4]
[0 1 2 3 4]
[0 1 2 3 4]
[0 1 2 3 4]
[0 1 2 3 4]
[0 1 2 3 4]
[0 1 2 3 4]
[0 1 2 3 4]
[0 1 2 3 4]
[0 1 2 3 4]
[0 1 2 3 4]
[0 1 2 3 4]
[0 1 2 3 4]
[0 1 2 3 4]
[0 1 2 3 4]
0 -- 1
[ 4  9 14 19 24]
[19 21 22 23 24]
[ 3  4 14 19 24]
[14  4  9 19 24]
[14 18  9 19 24]
[ 9  4 14 19 24]
[ 9  4 23 19 24]
[22 23 19 14 24]
[10  5 11  6 16]
[15  5 10 11 16]
[ 4  5  6 12  7]
[4 5 6 7 8]
[4 5 6 7 8]
[0 1 2 3 4]
[0 1 2 3 4]
[0 1 2 3 4]
[0 1 2 3 4]
[0 1 2 3 4]
[0 1 2 3 4]
[0 1 2 3 4]
[0 1 2 3 4]
[0 1 2 3 4]
[0 1 2 3 4]
[0 1 2 3 4]
[0 1 2 3 4]
[0 1 2 3 4]
[0 1 2 3 4]
[0 1 2 3 4]
0 -- 2
[ 9  4 14 19 24]
[19 21 22 23 24]
[ 3  4  9 19 24]
[19  9  4 14 24]
[ 4  9 23 19 24]
[ 4 14  9 19 24]
[14 18  9 19 24]
[ 9 19 14 23 24]
[19  4 14  9 20]
[ 4  9 15 10 16]
[ 4  5 10 11 12]
[4 5 6 7 8]
[4 5 6 7 8]
[4 5 6 7 8]
[4 5 6 7 8]
[4 5 6 7 8]
[4 5 6 7 8]
[4 5 6 7 8]
[4 5 6 7 8]
[4 5 6 7 8]
[4 5 6 7 8]
[4 5 6 7 8]
[0 1 2 3 4]
[0 1 2 3 4]
[0 1 2 3 4]
[0 1 2 3 4]
[0 1 2 3 4]
[0 1 2 3 4]
0 -- 3
[ 4  9 14 19 24]
[19 21 22 23 24]
[ 3  4 14 19 24]
[23  4  9 14 24]
[14 18  9 19 24]
[ 9  4 14 19 24]
[14  4 23 19 24]
[22 23 19 14 24]
[ 4  5 11  6 16]
[15  5 10 11 16]
[ 4  5  6  7 12]
[4 5 6 7 8]
[4 5 6 7 8]
[0 1 2 3 4]
[0 1 2 3 4]
[0 1 2 3 4]
[0 1 2 3 4]
[0 1 2 3 4]
[0 1 2 3 4]
[0 1 2 3 4]
[0 1 2 3 4]
[0 1 2 3 4]
[0 1 2 3 4]
[0 1 2 3 4]
[0 1 2 3 4]
[0 1 2 3 4]
[0 1 2 3 4]
[0 1 2 3 4]
0 -- 4
[ 4  9 14 19 24]
[19 21 22 23 24]
[ 3  4 14 19 24]
[23  9  4 14 24]
[14 18  9 19 24]
[ 9  4 14 19 24]
[ 4 14 23 19 24]
[22 23 19 14 24]
[10  5  6 11 16]
[15  5 11  6 16]
[ 4  5  6 12  7]
[4 5 6 7 8]
[4 5 6 7 8]
[0 1 2 3 4]
[0 1 2 3 4]
[0 1 2 3 4]
[0 1 2 3 4]
[0 1 2 3 4]
[0 1 2 3 4]
[0 1 2 3 4]
[0 1 2 3 4]
[0 1 2 3 4]
[0 1 2 3 4]
[0 1 2 3 4]
[0 1 2 3 4]
[0 1 2 3 4]
[0 1 2 3 4]
[0 1 2 3 4]
(25, 30)
(5,)
Graph loaded
query>>>> 银行转证券怎么转
(1, 10)
(1, 30)
(1, 30)
[18 19 14  9 24]
[23 14 19  9 24]
[ 9 22 19 23 24]
[18 19  4 14 24]
[19  9 14 23 24]
[23  4  9 19 24]
[23  4  9 19 24]
[14 21 22 23 24]
[18 14 19  9 20]
[10  5  0 11 12]
[ 4  9 10 11 12]
[5 0 6 7 8]
[0 1 2 3 4]
[0 1 2 3 4]
[0 1 2 3 4]
[0 1 2 3 4]
[0 1 2 3 4]
[0 1 2 3 4]
[0 1 2 3 4]
[0 1 2 3 4]
[0 1 2 3 4]
[0 1 2 3 4]
[0 1 2 3 4]
[0 1 2 3 4]
[0 1 2 3 4]
[0 1 2 3 4]
[0 1 2 3 4]
[0 1 2 3 4]
(1, 30, 5)
<S>银行转证券怎么转到银行卡
<S>银行转证券怎么转成转账
<S>银行转证券怎么转成
<S>银行转证券怎么转账
<S>银行转证券怎么转
(1, 30, 5)
(5, 30)
0 -- 0
[13  9 14 19 24]
[22 19  9 23 24]
[23  9 14 19 24]
[23  4 24 19  9]
[23 19 14  9 24]
[18 14  9 24 19]
[14 19  4  9 24]
[23 19  4 24 14]
[24  4  9 19 14]
[ 9  4 19 14 24]
[ 4  5 15 10 16]
[0 1 7 2 8]
[0 6 1 7 8]
[0 1 2 3 4]
[0 1 2 3 4]
[0 1 2 3 4]
[0 1 2 3 4]
[0 1 2 3 4]
[0 1 2 3 4]
[0 1 2 3 4]
[0 1 2 3 4]
[0 1 2 3 4]
[0 1 2 3 4]
[0 1 2 3 4]
[0 1 2 3 4]
[0 1 2 3 4]
[0 1 2 3 4]
[0 1 2 3 4]
0 -- 1
[ 4  9 14 19 24]
[18  9 14 19 24]
[18  9 14 19 24]
[22 23  9 19 24]
[ 4  9 14 19 24]
[ 4  9 19 23 24]
[ 9  4 14 19 24]
[18  4  9 19 24]
[ 4 15 10  5 20]
[ 4  9 10 11 12]
[ 4  9 10 11 12]
[0 1 2 3 4]
[0 1 2 3 4]
[0 1 2 3 4]
[0 1 2 3 4]
[0 1 2 3 4]
[0 1 2 3 4]
[0 1 2 3 4]
[0 1 2 3 4]
[0 1 2 3 4]
[0 1 2 3 4]
[0 1 2 3 4]
[0 1 2 3 4]
[0 1 2 3 4]
[0 1 2 3 4]
[0 1 2 3 4]
[0 1 2 3 4]
[0 1 2 3 4]
0 -- 2
[13  9 14 19 24]
[18 23 14 19 24]
[ 9  4 14 19 24]
[23 24  9 14 19]
[23  9 14 19 24]
[18 14 19 23 24]
[19 14  4 23 24]
[14 19  9 23 24]
[ 4  9 14 24 19]
[ 9  4 15 10 20]
[1 7 8 2 3]
[10  5  0 11 12]
[ 4  9 10 11 12]
[ 4  9 10 11 12]
[0 1 2 3 4]
[0 1 2 3 4]
[0 1 2 3 4]
[0 1 2 3 4]
[0 1 2 3 4]
[0 1 2 3 4]
[0 1 2 3 4]
[0 1 2 3 4]
[0 1 2 3 4]
[0 1 2 3 4]
[0 1 2 3 4]
[0 1 2 3 4]
[0 1 2 3 4]
[0 1 2 3 4]
0 -- 3
[ 4 14  9 19 24]
[17 18 23 19 24]
[22  9 23 19 24]
[20 21 22 23 24]
[ 9 14  4 19 24]
[24 18 19 14  9]
[24  4 19 14  9]
[ 8  9 14 19 24]
[ 4  9 15 10 20]
[15  9 10 16 11]
[ 4  9 10 11 12]
[4 5 6 7 8]
[4 5 6 7 8]
[4 5 6 7 8]
[0 1 2 3 4]
[0 1 2 3 4]
[0 1 2 3 4]
[0 1 2 3 4]
[0 1 2 3 4]
[0 1 2 3 4]
[0 1 2 3 4]
[0 1 2 3 4]
[0 1 2 3 4]
[0 1 2 3 4]
[0 1 2 3 4]
[0 1 2 3 4]
[0 1 2 3 4]
[0 1 2 3 4]
0 -- 4
[13  4 14 19 24]
[22 14 19 23 24]
[22 14 23 19 24]
[19 23  4 24  9]
[ 8 14  9 24 19]
[18  4 23 19 24]
[14  9 18 19 24]
[10  5 14 15 20]
[ 4 10  5 15 20]
[18 19 15 10 20]
[14  4  9 15 16]
[ 4 10  5 11 12]
[ 8  9 10 11 12]
[ 9  4 10 11 12]
[ 4  9 10 11 12]
[ 9  4 10 11 12]
[5 0 6 7 8]
[4 5 6 7 8]
[4 5 6 7 8]
[0 1 2 3 4]
[0 1 2 3 4]
[0 1 2 3 4]
[0 1 2 3 4]
[0 1 2 3 4]
[0 1 2 3 4]
[0 1 2 3 4]
[0 1 2 3 4]
[0 1 2 3 4]
(25, 30)
(5,)
Graph loaded
query>>>> 银行转证券
(1, 7)
(1, 30)
(1, 30)
[ 4 19  9 14 24]
[23  9 14 19 24]
[ 4 19 14 23 24]
[ 4  9 14 19 24]
[14 22 19 23 24]
[19  9 14 23 24]
[20 21 22 23 24]
[ 4  9 19 23 24]
[0 1 2 8 3]
[0 1 2 3 4]
[0 1 2 3 4]
[0 1 2 3 4]
[0 1 2 3 4]
[0 1 2 3 4]
[0 1 2 3 4]
[0 1 2 3 4]
[0 1 2 3 4]
[0 1 2 3 4]
[0 1 2 3 4]
[0 1 2 3 4]
[0 1 2 3 4]
[0 1 2 3 4]
[0 1 2 3 4]
[0 1 2 3 4]
[0 1 2 3 4]
[0 1 2 3 4]
[0 1 2 3 4]
[0 1 2 3 4]
(1, 30, 5)
<S>银行转证券怎么做
<S>银行转证券怎么算
<S>银行转证券怎么用
<S>银行转证券怎么办理
<S>银行转证券怎么办
(1, 30, 5)
(5, 30)
0 -- 0
[13  4 14 19 24]
[19 22  9 23 24]
[22 14 19 23 24]
[ 9 23  4 24 14]
[18 14  9 19 24]
[ 9 23 24 14 19]
[18  4 14 24 19]
[14  9 15 10 16]
[ 4  9 10 11 12]
[4 5 6 7 8]
[4 5 6 7 8]
[4 5 6 7 8]
[4 5 6 7 8]
[4 5 6 7 8]
[4 5 6 7 8]
[4 5 6 7 8]
[4 5 6 7 8]
[0 1 2 3 4]
[0 1 2 3 4]
[0 1 2 3 4]
[0 1 2 3 4]
[0 1 2 3 4]
[0 1 2 3 4]
[0 1 2 3 4]
[0 1 2 3 4]
[0 1 2 3 4]
[0 1 2 3 4]
[0 1 2 3 4]
0 -- 1
[ 4  9 14 19 24]
[19 21 22 23 24]
[21 22 19 23 24]
[19 22  9 23 24]
[14  4  9 19 24]
[ 4 14  9 24 19]
[ 4 14 23 24 19]
[19  4  9 15 20]
[ 4  9 10 11 16]
[ 4  5  6  7 12]
[0 1 2 3 4]
[0 1 2 3 4]
[0 1 2 3 4]
[0 1 2 3 4]
[0 1 2 3 4]
[0 1 2 3 4]
[0 1 2 3 4]
[0 1 2 3 4]
[0 1 2 3 4]
[0 1 2 3 4]
[0 1 2 3 4]
[0 1 2 3 4]
[0 1 2 3 4]
[0 1 2 3 4]
[0 1 2 3 4]
[0 1 2 3 4]
[0 1 2 3 4]
[0 1 2 3 4]
0 -- 2
[13  4 14 19 24]
[21 22  9 23 24]
[14 22 19 23 24]
[24 18 19  9 14]
[19  9  4 14 24]
[ 4 14 24 19  9]
[ 4  9 14 24 19]
[ 4  5 11  6 12]
[4 5 6 7 8]
[0 1 2 3 4]
[0 1 2 3 4]
[0 1 2 3 4]
[0 1 2 3 4]
[0 1 2 3 4]
[0 1 2 3 4]
[0 1 2 3 4]
[0 1 2 3 4]
[0 1 2 3 4]
[0 1 2 3 4]
[0 1 2 3 4]
[0 1 2 3 4]
[0 1 2 3 4]
[0 1 2 3 4]
[0 1 2 3 4]
[0 1 2 3 4]
[0 1 2 3 4]
[0 1 2 3 4]
[0 1 2 3 4]
0 -- 3
[18 14  4 19 24]
[22 19 14 23 24]
[14  9 19 23 24]
[ 4 19 24 14  9]
[ 4 14  9 19 24]
[23  9 24 14 19]
[14 23  9 24 19]
[ 9 10  5 15 20]
[ 4  9 10 11 12]
[ 4  9 10 11 12]
[0 1 2 3 4]
[0 1 2 3 4]
[0 1 2 3 4]
[0 1 2 3 4]
[0 1 2 3 4]
[0 1 2 3 4]
[0 1 2 3 4]
[0 1 2 3 4]
[0 1 2 3 4]
[0 1 2 3 4]
[0 1 2 3 4]
[0 1 2 3 4]
[0 1 2 3 4]
[0 1 2 3 4]
[0 1 2 3 4]
[0 1 2 3 4]
[0 1 2 3 4]
[0 1 2 3 4]
0 -- 4
[13 19 14  9 24]
[21  9 22 23 24]
[22  9 23 19 24]
[23 24  4 18 19]
[14 23 24  9 19]
[18  4  9 19 24]
[21 22 23 19 24]
[17 18 14 19 20]
[ 4  9 10 15 16]
[ 4  9 10 15 16]
[0 1 2 3 4]
[0 1 2 3 4]
[0 1 2 3 4]
[0 1 2 3 4]
[0 1 2 3 4]
[0 1 2 3 4]
[0 1 2 3 4]
[0 1 2 3 4]
[0 1 2 3 4]
[0 1 2 3 4]
[0 1 2 3 4]
[0 1 2 3 4]
[0 1 2 3 4]
[0 1 2 3 4]
[0 1 2 3 4]
[0 1 2 3 4]
[0 1 2 3 4]
[0 1 2 3 4]
(25, 30)
(5,)
Graph loaded
query>>>> 电脑突然打不开了怎么办
(1, 13)
(1, 30)
(1, 30)
[13  9 14 19 24]
[22 14 23 19 24]
[19  9  4 14 24]
[ 8  9  4 19 24]
[ 4  9 19 14 24]
[ 4  9 14 19 24]
[22 14  9 23 24]
[18  9 14 19 24]
[19 10  5 15 20]
[19  4 10 15 20]
[ 8  9 10 15 16]
[4 5 6 7 8]
[0 1 2 3 4]
[0 1 2 3 4]
[0 1 2 3 4]
[0 1 2 3 4]
[0 1 2 3 4]
[0 1 2 3 4]
[0 1 2 3 4]
[0 1 2 3 4]
[0 1 2 3 4]
[0 1 2 3 4]
[0 1 2 3 4]
[0 1 2 3 4]
[0 1 2 3 4]
[0 1 2 3 4]
[0 1 2 3 4]
[0 1 2 3 4]
(1, 30, 5)
<S>电脑突然打不开怎么回事啊
<S>电脑突然打不开怎么回事
<S>电脑打不开怎么办
<S>电脑突然打不开了怎么办
<S>电脑突然打不开怎么办
(1, 30, 5)
(5, 30)
0 -- 0
[ 4  9 14 19 24]
[19 21 22 23 24]
[ 3  4 14 19 24]
[23  4  9 19 24]
[14 18  9 19 24]
[ 9  4 14 19 24]
[ 9  4 23 19 24]
[22 23 19 14 24]
[ 4  5 11  6 16]
[15  5 10 11 16]
[ 4  5  6 12  7]
[4 5 6 7 8]
[4 5 6 7 8]
[0 1 2 3 4]
[0 1 2 3 4]
[0 1 2 3 4]
[0 1 2 3 4]
[0 1 2 3 4]
[0 1 2 3 4]
[0 1 2 3 4]
[0 1 2 3 4]
[0 1 2 3 4]
[0 1 2 3 4]
[0 1 2 3 4]
[0 1 2 3 4]
[0 1 2 3 4]
[0 1 2 3 4]
[0 1 2 3 4]
0 -- 1
[ 4  9 14 19 24]
[19 21 22 23 24]
[ 3  4 14 19 24]
[14  4  9 19 24]
[14 18  9 19 24]
[ 9  4 14 19 24]
[ 9  4 23 19 24]
[22 23 19 14 24]
[10  5 11  6 16]
[15  5 10 11 16]
[ 4  5  6 12  7]
[4 5 6 7 8]
[4 5 6 7 8]
[0 1 2 3 4]
[0 1 2 3 4]
[0 1 2 3 4]
[0 1 2 3 4]
[0 1 2 3 4]
[0 1 2 3 4]
[0 1 2 3 4]
[0 1 2 3 4]
[0 1 2 3 4]
[0 1 2 3 4]
[0 1 2 3 4]
[0 1 2 3 4]
[0 1 2 3 4]
[0 1 2 3 4]
[0 1 2 3 4]
0 -- 2
[ 9  4 14 19 24]
[19 21 22 23 24]
[ 3  4  9 19 24]
[19  9  4 14 24]
[ 4  9 23 19 24]
[ 4 14  9 19 24]
[14 18  9 19 24]
[ 9 19 14 23 24]
[19  4 14  9 20]
[ 4  9 15 10 16]
[ 4  5 10 11 12]
[4 5 6 7 8]
[4 5 6 7 8]
[4 5 6 7 8]
[4 5 6 7 8]
[4 5 6 7 8]
[4 5 6 7 8]
[4 5 6 7 8]
[4 5 6 7 8]
[4 5 6 7 8]
[4 5 6 7 8]
[4 5 6 7 8]
[0 1 2 3 4]
[0 1 2 3 4]
[0 1 2 3 4]
[0 1 2 3 4]
[0 1 2 3 4]
[0 1 2 3 4]
0 -- 3
[ 4  9 14 19 24]
[19 21 22 23 24]
[ 3  4 14 19 24]
[23  4  9 14 24]
[14 18  9 19 24]
[ 9  4 14 19 24]
[14  4 23 19 24]
[22 23 19 14 24]
[ 4  5 11  6 16]
[15  5 10 11 16]
[ 4  5  6  7 12]
[4 5 6 7 8]
[4 5 6 7 8]
[0 1 2 3 4]
[0 1 2 3 4]
[0 1 2 3 4]
[0 1 2 3 4]
[0 1 2 3 4]
[0 1 2 3 4]
[0 1 2 3 4]
[0 1 2 3 4]
[0 1 2 3 4]
[0 1 2 3 4]
[0 1 2 3 4]
[0 1 2 3 4]
[0 1 2 3 4]
[0 1 2 3 4]
[0 1 2 3 4]
0 -- 4
[ 4  9 14 19 24]
[19 21 22 23 24]
[ 3  4 14 19 24]
[23  9  4 14 24]
[14 18  9 19 24]
[ 9  4 14 19 24]
[ 4 14 23 19 24]
[22 23 19 14 24]
[10  5  6 11 16]
[15  5 11  6 16]
[ 4  5  6 12  7]
[4 5 6 7 8]
[4 5 6 7 8]
[0 1 2 3 4]
[0 1 2 3 4]
[0 1 2 3 4]
[0 1 2 3 4]
[0 1 2 3 4]
[0 1 2 3 4]
[0 1 2 3 4]
[0 1 2 3 4]
[0 1 2 3 4]
[0 1 2 3 4]
[0 1 2 3 4]
[0 1 2 3 4]
[0 1 2 3 4]
[0 1 2 3 4]
[0 1 2 3 4]
(25, 30)
(5,)
Graph loaded
query>>>> 华夏银行信用卡如何办理
(1, 13)
(1, 30)
(1, 30)
[ 9  4 14 19 24]
[19 14 22 23 24]
[ 4  9 14 19 24]
[ 4 14 18 19 24]
[21 22 23 24 19]
[ 4  9 14 19 24]
[ 9  4 19 24 14]
[ 9  4 19 14 24]
[ 4  9 19 14 24]
[ 4  9 10 15 16]
[ 0  5  6 11 12]
[0 1 2 3 4]
[0 1 2 3 4]
[0 1 2 3 4]
[0 1 2 3 4]
[0 1 2 3 4]
[0 1 2 3 4]
[0 1 2 3 4]
[0 1 2 3 4]
[0 1 2 3 4]
[0 1 2 3 4]
[0 1 2 3 4]
[0 1 2 3 4]
[0 1 2 3 4]
[0 1 2 3 4]
[0 1 2 3 4]
[0 1 2 3 4]
[0 1 2 3 4]
(1, 30, 5)
<S>华夏信用卡有什么好处
<S>华夏信用卡申请办理流程
<S>华夏信用卡办理流程
<S>华夏银行信用卡怎么办理
<S>华夏信用卡怎么办理
(1, 30, 5)
(5, 30)
0 -- 0
[14 19 22 23 24]
[22 23  9 24 19]
[ 4  9 14 19 24]
[ 4 19  9 14 24]
[ 8  9 14 19 24]
[23  4 14 19 24]
[ 9  4 14 19 24]
[22 23 14 19 24]
[ 4  9 14 15 20]
[ 4  5 10 11 16]
[4 5 6 7 8]
[4 5 6 7 8]
[0 1 2 3 4]
[0 1 2 3 4]
[0 1 2 3 4]
[0 1 2 3 4]
[0 1 2 3 4]
[0 1 2 3 4]
[0 1 2 3 4]
[0 1 2 3 4]
[0 1 2 3 4]
[0 1 2 3 4]
[0 1 2 3 4]
[0 1 2 3 4]
[0 1 2 3 4]
[0 1 2 3 4]
[0 1 2 3 4]
[0 1 2 3 4]
0 -- 1
[21 22 23 19 24]
[22 23 14 19 24]
[19 14  4  9 24]
[18 19 24  9 14]
[ 9 13 19 14 24]
[ 9  4 14 19 24]
[ 9 14 23 19 24]
[23 24  9 14 19]
[ 9  4 24 14 19]
[ 4 14  9 19 24]
[18 23 14 19 24]
[ 9 13 14 15 16]
[ 9  4 14 15 16]
[ 4  9 14 15 16]
[ 4  9 14 15 16]
[ 4  9 14 15 16]
[ 4  5 10 11 12]
[4 5 6 7 8]
[0 1 2 3 4]
[0 1 2 3 4]
[0 1 2 3 4]
[0 1 2 3 4]
[0 1 2 3 4]
[0 1 2 3 4]
[0 1 2 3 4]
[0 1 2 3 4]
[0 1 2 3 4]
[0 1 2 3 4]
0 -- 2
[23  9 14 19 24]
[21 14 22 23 24]
[ 3  4 14 19 24]
[18  9 14 19 24]
[ 8  9 19 23 24]
[18  9 19 14 24]
[23  4 24  9 19]
[ 9  4 14 24 19]
[24  9  4 14 19]
[19 24 14  4  9]
[ 9 19  4 24 14]
[ 4 14  9 20 15]
[14 10 15  5 16]
[ 9 10  5 11 12]
[ 9  4 10 11 12]
[ 4  9 10 11 12]
[0 5 6 7 8]
[0 5 6 7 8]
[0 1 2 3 4]
[0 1 2 3 4]
[0 1 2 3 4]
[0 1 2 3 4]
[0 1 2 3 4]
[0 1 2 3 4]
[0 1 2 3 4]
[0 1 2 3 4]
[0 1 2 3 4]
[0 1 2 3 4]
0 -- 3
[14 22 19 23 24]
[18 23 14 19 24]
[14  4  9 19 24]
[18  9 19 14 24]
[13 24 14  4 19]
[18 19  9 14 24]
[13 14 23 24  9]
[ 9  4 19 14 24]
[18 19 24  9 14]
[19  9  4 14 24]
[ 4  9 14 19 24]
[ 4 14  9 19 20]
[ 9 10  5 15 16]
[4 5 6 7 8]
[0 1 2 3 4]
[0 1 2 3 4]
[0 1 2 3 4]
[0 1 2 3 4]
[0 1 2 3 4]
[0 1 2 3 4]
[0 1 2 3 4]
[0 1 2 3 4]
[0 1 2 3 4]
[0 1 2 3 4]
[0 1 2 3 4]
[0 1 2 3 4]
[0 1 2 3 4]
[0 1 2 3 4]
0 -- 4
[ 4  9 14 19 24]
[ 9 22 19 23 24]
[ 8  4  9 19 24]
[14 23 18 19 24]
[14  9 23 19 24]
[22 23 24 14 19]
[23 19 14  4 24]
[18 14  9 19 24]
[ 9 18 14 24 19]
[15 20  4 10  5]
[ 4 15 10  5 16]
[4 5 6 7 8]
[4 5 6 7 8]
[4 5 6 7 8]
[4 5 6 7 8]
[4 5 6 7 8]
[4 5 6 7 8]
[4 5 6 7 8]
[4 5 6 7 8]
[4 5 6 7 8]
[4 5 6 7 8]
[4 5 6 7 8]
[4 5 6 7 8]
[4 5 6 7 8]
[4 5 6 7 8]
[4 5 6 7 8]
[4 5 6 7 8]
[4 5 6 7 8]
(25, 30)
(5,)
Graph loaded
query>>>> 华夏银行信用卡如何办理
(1, 13)
(1, 30)
(1, 30)
[ 9  4 14 19 24]
[19 14 22 23 24]
[ 4  9 14 19 24]
[ 4 14 18 19 24]
[21 22 23 24 19]
[ 4  9 14 19 24]
[ 9  4 19 24 14]
[ 9  4 19 14 24]
[ 4  9 19 14 24]
[ 4  9 10 15 16]
[ 0  5  6 11 12]
[0 1 2 3 4]
[0 1 2 3 4]
[0 1 2 3 4]
[0 1 2 3 4]
[0 1 2 3 4]
[0 1 2 3 4]
[0 1 2 3 4]
[0 1 2 3 4]
[0 1 2 3 4]
[0 1 2 3 4]
[0 1 2 3 4]
[0 1 2 3 4]
[0 1 2 3 4]
[0 1 2 3 4]
[0 1 2 3 4]
[0 1 2 3 4]
[0 1 2 3 4]
(1, 30, 5)
<S>华夏信用卡有什么好处
<S>华夏信用卡申请办理流程
<S>华夏信用卡办理流程
<S>华夏银行信用卡怎么办理
<S>华夏信用卡怎么办理
(1, 30, 5)
(5, 30)
0 -- 0
[14 19 22 23 24]
[22 23  9 24 19]
[ 4  9 14 19 24]
[ 4 19  9 14 24]
[ 8  9 14 19 24]
[23  4 14 19 24]
[ 9  4 14 19 24]
[22 23 14 19 24]
[ 4  9 14 15 20]
[ 4  5 10 11 16]
[4 5 6 7 8]
[4 5 6 7 8]
[0 1 2 3 4]
[0 1 2 3 4]
[0 1 2 3 4]
[0 1 2 3 4]
[0 1 2 3 4]
[0 1 2 3 4]
[0 1 2 3 4]
[0 1 2 3 4]
[0 1 2 3 4]
[0 1 2 3 4]
[0 1 2 3 4]
[0 1 2 3 4]
[0 1 2 3 4]
[0 1 2 3 4]
[0 1 2 3 4]
[0 1 2 3 4]
0 -- 1
[21 22 23 19 24]
[22 23 14 19 24]
[19 14  4  9 24]
[18 19 24  9 14]
[ 9 13 19 14 24]
[ 9  4 14 19 24]
[ 9 14 23 19 24]
[23 24  9 14 19]
[ 9  4 24 14 19]
[ 4 14  9 19 24]
[18 23 14 19 24]
[ 9 13 14 15 16]
[ 9  4 14 15 16]
[ 4  9 14 15 16]
[ 4  9 14 15 16]
[ 4  9 14 15 16]
[ 4  5 10 11 12]
[4 5 6 7 8]
[0 1 2 3 4]
[0 1 2 3 4]
[0 1 2 3 4]
[0 1 2 3 4]
[0 1 2 3 4]
[0 1 2 3 4]
[0 1 2 3 4]
[0 1 2 3 4]
[0 1 2 3 4]
[0 1 2 3 4]
0 -- 2
[23  9 14 19 24]
[21 14 22 23 24]
[ 3  4 14 19 24]
[18  9 14 19 24]
[ 8  9 19 23 24]
[18  9 19 14 24]
[23  4 24  9 19]
[ 9  4 14 24 19]
[24  9  4 14 19]
[19 24 14  4  9]
[ 9 19  4 24 14]
[ 4 14  9 20 15]
[14 10 15  5 16]
[ 9 10  5 11 12]
[ 9  4 10 11 12]
[ 4  9 10 11 12]
[0 5 6 7 8]
[0 5 6 7 8]
[0 1 2 3 4]
[0 1 2 3 4]
[0 1 2 3 4]
[0 1 2 3 4]
[0 1 2 3 4]
[0 1 2 3 4]
[0 1 2 3 4]
[0 1 2 3 4]
[0 1 2 3 4]
[0 1 2 3 4]
0 -- 3
[14 22 19 23 24]
[18 23 14 19 24]
[14  4  9 19 24]
[18  9 19 14 24]
[13 24 14  4 19]
[18 19  9 14 24]
[13 14 23 24  9]
[ 9  4 19 14 24]
[18 19 24  9 14]
[19  9  4 14 24]
[ 4  9 14 19 24]
[ 4 14  9 19 20]
[ 9 10  5 15 16]
[4 5 6 7 8]
[0 1 2 3 4]
[0 1 2 3 4]
[0 1 2 3 4]
[0 1 2 3 4]
[0 1 2 3 4]
[0 1 2 3 4]
[0 1 2 3 4]
[0 1 2 3 4]
[0 1 2 3 4]
[0 1 2 3 4]
[0 1 2 3 4]
[0 1 2 3 4]
[0 1 2 3 4]
[0 1 2 3 4]
0 -- 4
[ 4  9 14 19 24]
[ 9 22 19 23 24]
[ 8  4  9 19 24]
[14 23 18 19 24]
[14  9 23 19 24]
[22 23 24 14 19]
[23 19 14  4 24]
[18 14  9 19 24]
[ 9 18 14 24 19]
[15 20  4 10  5]
[ 4 15 10  5 16]
[4 5 6 7 8]
[4 5 6 7 8]
[4 5 6 7 8]
[4 5 6 7 8]
[4 5 6 7 8]
[4 5 6 7 8]
[4 5 6 7 8]
[4 5 6 7 8]
[4 5 6 7 8]
[4 5 6 7 8]
[4 5 6 7 8]
[4 5 6 7 8]
[4 5 6 7 8]
[4 5 6 7 8]
[4 5 6 7 8]
[4 5 6 7 8]
[4 5 6 7 8]
(25, 30)
(5,)
